[www.chibiakumas.com/z80/Gameboy.html]
[www.chibiakumas.com/z80/darkmode.css]
[backblue.gif]
[fade.gif]
[index.html]
[external.html]
[www.chibiakumas.com/z80/theme/DevTools.png]
[www.chibiakumas.com/z80/theme/File.png]
[www.chibiakumas.com/z80/theme/Videox.png]
[www.chibiakumas.com/z80/gameboy/GameBoy.jpg]
[www.chibiakumas.com/z80/gameboy/GameBoyColor.jpg]
[www.chibiakumas.com/z80/theme/Cheatsheet.png]
[www.chibiakumas.com/z80/theme/Yume128.png]
[www.chibiakumas.com/z80/res/SpriteExample_1.png]
[www.chibiakumas.com/z80/res/SpriteExample_2.png]
[www.chibiakumas.com/z80/res/SpriteExample_3.png]
[www.chibiakumas.com/z80/res/SpriteExample_5.png]
[www.chibiakumas.com/z80/gameboy/SpriteMemory.png]
[www.chibiakumas.com/z80/Gameboy.html]
[www.chibiakumas.com/z80/darkmode.css]
